<?xml version="1.0" encoding="UTF-8"?>
<!-- Generated by org.testng.reporters.JUnitXMLReporter -->
<testsuite ignored="0" hostname="DESKTOP-0836N0Q" failures="0" tests="4" name="UserTest" time="17.668" errors="0" timestamp="2024-03-23T12:59:28 IST">
  <testcase classname="api.test.UserTests2" name="testPostUser" time="9.68"/>
  <testcase classname="api.test.UserTests2" name="testgetUserByName" time="1.53"/>
  <testcase classname="api.test.UserTests2" name="testUpdateUserByName" time="3.165"/>
  <testcase classname="api.test.UserTests2" name="testDeleteUserByName" time="1.493"/>
</testsuite> <!-- UserTest -->
