<?xml version="1.0" encoding="UTF-8"?>
<!-- Generated by org.testng.reporters.JUnitXMLReporter -->
<testsuite ignored="0" hostname="DESKTOP-0836N0Q" failures="0" tests="4" name="Default test" time="16.642" errors="0" timestamp="2024-03-23T12:16:55 IST">
  <testcase classname="api.test.UserTests" name="testPostUser" time="5.625"/>
  <testcase classname="api.test.UserTests" name="testgetUserByName" time="1.624"/>
  <testcase classname="api.test.UserTests" name="testUpdateUserByName" time="3.923"/>
  <testcase classname="api.test.UserTests" name="testDeleteUserByName" time="2.592"/>
</testsuite> <!-- Default test -->
