<?xml version="1.0" encoding="UTF-8"?>
<!-- Generated by org.testng.reporters.JUnitXMLReporter -->
<testsuite ignored="0" hostname="DESKTOP-0836N0Q" failures="0" tests="4" name="UserTest" time="13.334" errors="0" timestamp="2024-03-23T14:13:26 IST">
  <testcase classname="api.test.UserTests2" name="testPostUser" time="5.655"/>
  <testcase classname="api.test.UserTests2" name="testgetUserByName" time="1.512"/>
  <testcase classname="api.test.UserTests2" name="testUpdateUserByName" time="3.536"/>
  <testcase classname="api.test.UserTests2" name="testDeleteUserByName" time="1.516"/>
</testsuite> <!-- UserTest -->
