<?xml version="1.0" encoding="UTF-8"?>
<testng-results ignored="0" total="4" passed="4" failed="0" skipped="0">
  <reporter-output>
  </reporter-output>
  <suite started-at="2024-03-23T12:59:10 IST" name="UserSuite" finished-at="2024-03-23T12:59:28 IST" duration-ms="17668">
    <groups>
    </groups>
    <test started-at="2024-03-23T12:59:10 IST" name="UserTest" finished-at="2024-03-23T12:59:28 IST" duration-ms="17668">
      <class name="api.test.UserTests2">
        <test-method is-config="true" signature="setUp()[pri:0, instance:api.test.UserTests2@7e07db1f]" started-at="2024-03-23T12:59:10 IST" name="setUp" finished-at="2024-03-23T12:59:12 IST" duration-ms="1713" status="PASS">
          <reporter-output>
          </reporter-output>
        </test-method> <!-- setUp -->
        <test-method signature="testPostUser()[pri:1, instance:api.test.UserTests2@7e07db1f]" started-at="2024-03-23T12:59:12 IST" name="testPostUser" finished-at="2024-03-23T12:59:22 IST" duration-ms="9680" status="PASS">
          <reporter-output>
          </reporter-output>
        </test-method> <!-- testPostUser -->
        <test-method signature="testgetUserByName()[pri:2, instance:api.test.UserTests2@7e07db1f]" started-at="2024-03-23T12:59:22 IST" name="testgetUserByName" finished-at="2024-03-23T12:59:23 IST" duration-ms="1530" status="PASS">
          <reporter-output>
          </reporter-output>
        </test-method> <!-- testgetUserByName -->
        <test-method signature="testUpdateUserByName()[pri:3, instance:api.test.UserTests2@7e07db1f]" started-at="2024-03-23T12:59:23 IST" name="testUpdateUserByName" finished-at="2024-03-23T12:59:27 IST" duration-ms="3165" status="PASS">
          <reporter-output>
          </reporter-output>
        </test-method> <!-- testUpdateUserByName -->
        <test-method signature="testDeleteUserByName()[pri:4, instance:api.test.UserTests2@7e07db1f]" started-at="2024-03-23T12:59:27 IST" name="testDeleteUserByName" finished-at="2024-03-23T12:59:28 IST" duration-ms="1493" status="PASS">
          <reporter-output>
          </reporter-output>
        </test-method> <!-- testDeleteUserByName -->
      </class> <!-- api.test.UserTests2 -->
    </test> <!-- UserTest -->
  </suite> <!-- UserSuite -->
</testng-results>
